app/build/outputs/logs/manifest-merger-debug-report.txt
-- Merging decision tree log ---
manifest
ADDED from src\main\AndroidManifest.xml:2:1-80:12
	package
		ADDED from src\main\AndroidManifest.xml:3:5-37
		INJECTED from src\main\AndroidManifest.xml
		INJECTED from src\main\AndroidManifest.xml
	android:versionName
		INJECTED from src\main\AndroidManifest.xml
		INJECTED from src\main\AndroidManifest.xml
	xmlns:android
		ADDED from src\main\AndroidManifest.xml:2:11-69
	android:versionCode
		INJECTED from src\main\AndroidManifest.xml
		INJECTED from src\main\AndroidManifest.xml
uses-permission#com.android.alarm.permission.SET_ALARM
ADDED from src\main\AndroidManifest.xml:5:5-78
	android:name
		ADDED from src\main\AndroidManifest.xml:5:22-75
uses-permission#android.permission.WAKE_LOCK
ADDED from src\main\AndroidManifest.xml:6:5-68
	android:name
		ADDED from src\main\AndroidManifest.xml:6:22-65
uses-permission#android.permission.RECEIVE_BOOT_COMPLETED
ADDED from src\main\AndroidManifest.xml:7:5-81
	android:name
		ADDED from src\main\AndroidManifest.xml:7:22-78
uses-permission#android.permission.VIBRATE
ADDED from src\main\AndroidManifest.xml:8:5-66
	android:name
		ADDED from src\main\AndroidManifest.xml:8:22-63
uses-permission#android.permission.WRITE_SETTINGS
ADDED from src\main\AndroidManifest.xml:9:5-73
	android:name
		ADDED from src\main\AndroidManifest.xml:9:22-70
uses-permission#android.permission.DISABLE_KEYGUARD
ADDED from src\main\AndroidManifest.xml:10:5-75
	android:name
		ADDED from src\main\AndroidManifest.xml:10:22-72
uses-permission#android.permission.READ_PHONE_STATE
ADDED from src\main\AndroidManifest.xml:11:5-75
	android:name
		ADDED from src\main\AndroidManifest.xml:11:22-72
uses-permission#android.permission.WRITE_EXTERNAL_STORAGE
ADDED from src\main\AndroidManifest.xml:12:5-81
	android:name
		ADDED from src\main\AndroidManifest.xml:12:22-78
uses-permission#com.google.android.providers.gsf.permission.READ_GSERVICES
ADDED from src\main\AndroidManifest.xml:13:5-97
	android:name
		ADDED from src\main\AndroidManifest.xml:13:22-95
uses-permission#android.permission.INTERNET
ADDED from src\main\AndroidManifest.xml:14:5-66
MERGED from [com.google.android.gms:play-services-maps:10.2.1] AndroidManifest.xml:20:5-66
	android:name
		ADDED from src\main\AndroidManifest.xml:14:22-64
application
ADDED from src\main\AndroidManifest.xml:16:5-78:19
MERGED from [com.android.support:design:25.3.0] AndroidManifest.xml:29:5-20
MERGED from [com.android.support:appcompat-v7:25.3.0] AndroidManifest.xml:29:5-20
MERGED from [com.android.support:animated-vector-drawable:25.3.0] AndroidManifest.xml:26:5-20
MERGED from [com.android.support:support-vector-drawable:25.3.0] AndroidManifest.xml:26:5-20
MERGED from [com.android.support:transition:25.3.0] AndroidManifest.xml:26:5-20
MERGED from [com.android.support.constraint:constraint-layout:1.0.2] AndroidManifest.xml:9:5-20
MERGED from [com.google.android.gms:play-services-places:10.2.1] AndroidManifest.xml:18:5-19
MERGED from [com.google.android.gms:play-services-maps:10.2.1] AndroidManifest.xml:24:5-19
MERGED from [com.google.android.gms:play-services-base:10.2.1] AndroidManifest.xml:18:5-20:19
MERGED from [com.google.android.gms:play-services-tasks:10.2.1] AndroidManifest.xml:4:5-19
MERGED from [com.google.android.gms:play-services-basement:10.2.1] AndroidManifest.xml:19:5-21:19
MERGED from [com.android.support:support-v4:25.3.0] AndroidManifest.xml:29:5-20
MERGED from [com.android.support:support-fragment:25.3.0] AndroidManifest.xml:29:5-20
MERGED from [com.android.support:support-media-compat:25.3.0] AndroidManifest.xml:29:5-20
MERGED from [com.android.support:support-core-ui:25.3.0] AndroidManifest.xml:29:5-20
MERGED from [com.android.support:support-core-utils:25.3.0] AndroidManifest.xml:29:5-20
MERGED from [com.android.support:support-compat:25.3.0] AndroidManifest.xml:29:5-20
	android:label
		ADDED from src\main\AndroidManifest.xml:19:9-41
	android:supportsRtl
		ADDED from src\main\AndroidManifest.xml:20:9-35
	android:allowBackup
		ADDED from src\main\AndroidManifest.xml:17:9-35
	android:icon
		ADDED from src\main\AndroidManifest.xml:18:9-43
	android:theme
		ADDED from src\main\AndroidManifest.xml:21:9-40
	android:name
		ADDED from src\main\AndroidManifest.xml:22:9-47
meta-data#com.google.android.gms.version
ADDED from src\main\AndroidManifest.xml:24:9-26:68
MERGED from [com.google.android.gms:play-services-basement:10.2.1] AndroidManifest.xml:20:9-121
	android:value
		ADDED from src\main\AndroidManifest.xml:26:13-66
	android:name
		ADDED from src\main\AndroidManifest.xml:25:13-58
meta-data#com.google.android.geo.API_KEY
ADDED from src\main\AndroidManifest.xml:27:9-29:70
	android:value
		ADDED from src\main\AndroidManifest.xml:29:13-68
	android:name
		ADDED from src\main\AndroidManifest.xml:28:13-58
activity#com.gedder.gedderalarm.MainActivity
ADDED from src\main\AndroidManifest.xml:31:9-36:20
	android:name
		ADDED from src\main\AndroidManifest.xml:31:19-47
intent-filter#android.intent.action.MAIN+android.intent.category.LAUNCHER
ADDED from src\main\AndroidManifest.xml:32:13-35:29
action#android.intent.action.MAIN
ADDED from src\main\AndroidManifest.xml:33:17-69
	android:name
		ADDED from src\main\AndroidManifest.xml:33:25-66
category#android.intent.category.LAUNCHER
ADDED from src\main\AndroidManifest.xml:34:17-77
	android:name
		ADDED from src\main\AndroidManifest.xml:34:27-74
activity#com.gedder.gedderalarm.AlarmActivity
ADDED from src\main\AndroidManifest.xml:38:9-39:20
	android:name
		ADDED from src\main\AndroidManifest.xml:38:19-48
activity#com.gedder.gedderalarm.AddEditAlarmScrollingActivity
ADDED from src\main\AndroidManifest.xml:41:9-46:20
	android:label
		ADDED from src\main\AndroidManifest.xml:43:13-72
	android:theme
		ADDED from src\main\AndroidManifest.xml:44:13-44
	android:name
		ADDED from src\main\AndroidManifest.xml:42:13-58
receiver#com.gedder.gedderalarm.AlarmReceiver
ADDED from src\main\AndroidManifest.xml:48:9-51:20
	android:process
		ADDED from src\main\AndroidManifest.xml:50:13-38
	android:name
		ADDED from src\main\AndroidManifest.xml:49:13-42
receiver#com.gedder.gedderalarm.GedderReceiver
ADDED from src\main\AndroidManifest.xml:53:9-58:20
	android:enabled
		ADDED from src\main\AndroidManifest.xml:55:13-35
	android:process
		ADDED from src\main\AndroidManifest.xml:56:13-38
	android:exported
		ADDED from src\main\AndroidManifest.xml:57:13-37
	android:name
		ADDED from src\main\AndroidManifest.xml:54:13-43
receiver#com.gedder.gedderalarm.AlarmRestartReceiver
ADDED from src\main\AndroidManifest.xml:60:9-67:20
	android:enabled
		ADDED from src\main\AndroidManifest.xml:62:13-35
	android:exported
		ADDED from src\main\AndroidManifest.xml:63:13-36
	android:name
		ADDED from src\main\AndroidManifest.xml:61:13-49
intent-filter#android.intent.action.BOOT_COMPLETED
ADDED from src\main\AndroidManifest.xml:64:13-66:29
action#android.intent.action.BOOT_COMPLETED
ADDED from src\main\AndroidManifest.xml:65:17-79
	android:name
		ADDED from src\main\AndroidManifest.xml:65:25-76
receiver#com.gedder.gedderalarm.GedderRestartReceiver
ADDED from src\main\AndroidManifest.xml:69:9-76:20
	android:enabled
		ADDED from src\main\AndroidManifest.xml:71:13-35
	android:exported
		ADDED from src\main\AndroidManifest.xml:72:13-36
	android:name
		ADDED from src\main\AndroidManifest.xml:70:13-50
uses-sdk
INJECTED from src\main\AndroidManifest.xml reason: use-sdk injection requested
MERGED from [com.android.support:design:25.3.0] AndroidManifest.xml:21:5-23:62
MERGED from [com.android.support:appcompat-v7:25.3.0] AndroidManifest.xml:21:5-23:78
MERGED from [com.android.support:animated-vector-drawable:25.3.0] AndroidManifest.xml:20:5-44
MERGED from [com.android.support:support-vector-drawable:25.3.0] AndroidManifest.xml:20:5-43
MERGED from [com.android.support:recyclerview-v7:25.3.0] AndroidManifest.xml:20:5-43
MERGED from [com.android.support:transition:25.3.0] AndroidManifest.xml:20:5-44
MERGED from [com.android.support.constraint:constraint-layout:1.0.2] AndroidManifest.xml:5:5-7:41
MERGED from [com.google.android.gms:play-services-places:10.2.1] AndroidManifest.xml:17:5-43
MERGED from [com.google.android.gms:play-services-maps:10.2.1] AndroidManifest.xml:23:5-43
MERGED from [com.google.android.gms:play-services-base:10.2.1] AndroidManifest.xml:17:5-43
MERGED from [com.google.android.gms:play-services-tasks:10.2.1] AndroidManifest.xml:3:5-43
MERGED from [com.google.android.gms:play-services-basement:10.2.1] AndroidManifest.xml:17:5-43
MERGED from [com.android.support:support-v4:25.3.0] AndroidManifest.xml:21:5-23:54
MERGED from [com.android.support:support-fragment:25.3.0] AndroidManifest.xml:21:5-23:60
MERGED from [com.android.support:support-media-compat:25.3.0] AndroidManifest.xml:21:5-23:63
MERGED from [com.android.support:support-core-ui:25.3.0] AndroidManifest.xml:21:5-23:58
MERGED from [com.android.support:support-core-utils:25.3.0] AndroidManifest.xml:21:5-23:61
MERGED from [com.android.support:support-compat:25.3.0] AndroidManifest.xml:21:5-23:58
	tools:overrideLibrary
		ADDED from [com.android.support:design:25.3.0] AndroidManifest.xml:23:9-59
	android:targetSdkVersion
		INJECTED from src\main\AndroidManifest.xml
		INJECTED from src\main\AndroidManifest.xml
	android:minSdkVersion
		INJECTED from src\main\AndroidManifest.xml
		INJECTED from src\main\AndroidManifest.xml
meta-data#android.support.VERSION
ADDED from [com.android.support:design:25.3.0] AndroidManifest.xml:25:5-27:34
MERGED from [com.android.support:appcompat-v7:25.3.0] AndroidManifest.xml:25:5-27:34
MERGED from [com.android.support:animated-vector-drawable:25.3.0] AndroidManifest.xml:22:5-24:34
MERGED from [com.android.support:support-vector-drawable:25.3.0] AndroidManifest.xml:22:5-24:34
MERGED from [com.android.support:recyclerview-v7:25.3.0] AndroidManifest.xml:22:5-24:34
MERGED from [com.android.support:transition:25.3.0] AndroidManifest.xml:22:5-24:34
MERGED from [com.android.support:support-v4:25.3.0] AndroidManifest.xml:25:5-27:34
MERGED from [com.android.support:support-fragment:25.3.0] AndroidManifest.xml:25:5-27:34
MERGED from [com.android.support:support-media-compat:25.3.0] AndroidManifest.xml:25:5-27:34
MERGED from [com.android.support:support-core-ui:25.3.0] AndroidManifest.xml:25:5-27:34
MERGED from [com.android.support:support-core-utils:25.3.0] AndroidManifest.xml:25:5-27:34
MERGED from [com.android.support:support-compat:25.3.0] AndroidManifest.xml:25:5-27:34
	android:value
		ADDED from [com.android.support:design:25.3.0] AndroidManifest.xml:27:9-31
	android:name
		ADDED from [com.android.support:design:25.3.0] AndroidManifest.xml:26:9-47
uses-permission#android.permission.ACCESS_NETWORK_STATE
ADDED from [com.google.android.gms:play-services-maps:10.2.1] AndroidManifest.xml:19:5-78
	android:name
		ADDED from [com.google.android.gms:play-services-maps:10.2.1] AndroidManifest.xml:19:22-76
uses-feature#0x00020000
ADDED from [com.google.android.gms:play-services-maps:10.2.1] AndroidManifest.xml:21:5-77
	android:glEsVersion
		ADDED from [com.google.android.gms:play-services-maps:10.2.1] AndroidManifest.xml:21:19-51
	android:required
		ADDED from [com.google.android.gms:play-services-maps:10.2.1] AndroidManifest.xml:21:52-75
activity#com.google.android.gms.common.api.GoogleApiActivity
ADDED from [com.google.android.gms:play-services-base:10.2.1] AndroidManifest.xml:19:9-172
	android:exported
		ADDED from [com.google.android.gms:play-services-base:10.2.1] AndroidManifest.xml:19:146-170
	android:theme
		ADDED from [com.google.android.gms:play-services-base:10.2.1] AndroidManifest.xml:19:86-145
	android:name
		ADDED from [com.google.android.gms:play-services-base:10.2.1] AndroidManifest.xml:19:19-85